<?xml version="1.0" encoding="UTF-8"?>
<!-- Generated by org.testng.reporters.JUnitReportReporter -->
<testsuite skipped="0" hostname="BA-000179378" name="testngSessions.LogInOpenCartTest" tests="3" failures="0" timestamp="21 Feb 2023 17:53:27 GMT" time="0.880" errors="0">
  <testcase name="logIn" time="0.682" classname="testngSessions.LogInOpenCartTest"/>
  <testcase name="headerList" time="0.175" classname="testngSessions.LogInOpenCartTest"/>
  <testcase name="h2ListSize" time="0.023" classname="testngSessions.LogInOpenCartTest"/>
</testsuite> <!-- testngSessions.LogInOpenCartTest -->
