<?xml version="1.0" encoding="UTF-8"?>
<!-- Generated by org.testng.reporters.JUnitReportReporter -->
<testsuite skipped="0" hostname="BA-000179378" name="testngSessions.HomePageOpenCartTest" tests="4" failures="0" timestamp="21 Feb 2023 17:53:27 GMT" time="0.068" errors="0">
  <testcase name="getTitle" time="0.007" classname="testngSessions.HomePageOpenCartTest"/>
  <testcase name="LogoIsPresent" time="0.040" classname="testngSessions.HomePageOpenCartTest"/>
  <testcase name="footerLinkCount" time="0.014" classname="testngSessions.HomePageOpenCartTest"/>
  <testcase name="getUrl" time="0.007" classname="testngSessions.HomePageOpenCartTest"/>
</testsuite> <!-- testngSessions.HomePageOpenCartTest -->
