<?xml version="1.0" encoding="UTF-8"?>
<!-- Generated by org.testng.reporters.JUnitReportReporter -->
<testsuite skipped="0" hostname="BA-000179378" name="testngSessions.ExpectedExceptionConcept" tests="1" failures="0" timestamp="21 Feb 2023 10:47:30 GMT" time="0.010" errors="0">
  <testcase name="loginTest" time="0.010" classname="testngSessions.ExpectedExceptionConcept"/>
</testsuite> <!-- testngSessions.ExpectedExceptionConcept -->
