<?xml version="1.0" encoding="UTF-8"?>
<!-- Generated by org.testng.reporters.JUnitReportReporter -->
<testsuite skipped="0" hostname="BA-000179378" name="testngSessions.AmazonTest" tests="2" failures="0" timestamp="21 Feb 2023 05:59:46 GMT" time="0.053" errors="0">
  <testcase name="title" time="0.034" classname="testngSessions.AmazonTest"/>
  <testcase name="getUrl" time="0.019" classname="testngSessions.AmazonTest"/>
</testsuite> <!-- testngSessions.AmazonTest -->
