<?xml version="1.0" encoding="UTF-8"?>
<!-- Generated by org.testng.reporters.JUnitReportReporter -->
<testsuite skipped="0" hostname="BA-000179378" name="HomePageTest" tests="1" failures="0" timestamp="21 Feb 2023 05:21:51 GMT" time="0.003" errors="0">
  <testcase name="titleTest" time="0.003" classname="HomePageTest"/>
</testsuite> <!-- HomePageTest -->
